<?xml version="1.0" encoding="UTF-8"?>
<!-- Generated by org.testng.reporters.JUnitReportReporter -->
<testsuite hostname="LENOVO-PRATIK13" failures="0" tests="1" name="DockerDeploy.DockerDeploy.startDocker" time="23.056" errors="0" timestamp="2024-09-21T12:02:06 IST" skipped="0">
  <testcase classname="DockerDeploy.DockerDeploy.startDocker" name="startSystem" time="23.056"/>
  <system-out/>
</testsuite> <!-- DockerDeploy.DockerDeploy.startDocker -->
