<?xml version="1.0" encoding="UTF-8"?>
<!-- Generated by org.testng.reporters.JUnitReportReporter -->
<testsuite hostname="LENOVO-PRATIK13" failures="0" tests="1" name="DockerDeploy.DockerDeploy.ChromeTest2" time="8.932" errors="0" timestamp="2024-09-21T18:59:29 IST" skipped="0">
  <testcase classname="DockerDeploy.DockerDeploy.ChromeTest2" name="test2" time="8.932"/>
  <system-out/>
</testsuite> <!-- DockerDeploy.DockerDeploy.ChromeTest2 -->
