<?xml version="1.0" encoding="UTF-8"?>
<!-- Generated by org.testng.reporters.JUnitReportReporter -->
<testsuite hostname="LENOVO-PRATIK13" failures="0" tests="1" name="DockerDeploy.DockerDeploy.ChromeTest1" time="12.339" errors="0" timestamp="2024-09-22T11:39:09 IST" skipped="0">
  <testcase classname="DockerDeploy.DockerDeploy.ChromeTest1" name="test1" time="12.339"/>
</testsuite> <!-- DockerDeploy.DockerDeploy.ChromeTest1 -->
