<?xml version="1.0" encoding="UTF-8"?>
<!-- Generated by org.testng.reporters.JUnitReportReporter -->
<testsuite hostname="LENOVO-PRATIK13" failures="0" tests="1" name="DockerDeploy.DockerDeploy.ChromeTest3" time="13.002" errors="0" timestamp="2024-09-22T11:39:09 IST" skipped="0">
  <testcase classname="DockerDeploy.DockerDeploy.ChromeTest3" name="test3" time="13.002"/>
</testsuite> <!-- DockerDeploy.DockerDeploy.ChromeTest3 -->
